c:\users\hungd\documents\library\projects\opengl\opengl\build\opengl.dir\debug\vc143.pdb
c:\users\hungd\documents\library\projects\opengl\opengl\build\opengl.dir\debug\imgui_widgets.obj
c:\users\hungd\documents\library\projects\opengl\opengl\build\opengl.dir\debug\imgui_tables.obj
c:\users\hungd\documents\library\projects\opengl\opengl\build\opengl.dir\debug\imgui_draw.obj
c:\users\hungd\documents\library\projects\opengl\opengl\build\opengl.dir\debug\imgui_demo.obj
c:\users\hungd\documents\library\projects\opengl\opengl\build\opengl.dir\debug\imgui.obj
c:\users\hungd\documents\library\projects\opengl\opengl\build\opengl.dir\debug\imgui_impl_opengl3.obj
c:\users\hungd\documents\library\projects\opengl\opengl\build\opengl.dir\debug\imgui_impl_glfw.obj
c:\users\hungd\documents\library\projects\opengl\opengl\build\opengl.dir\debug\runtime_except.obj
c:\users\hungd\documents\library\projects\opengl\opengl\build\opengl.dir\debug\model.obj
c:\users\hungd\documents\library\projects\opengl\opengl\build\opengl.dir\debug\main.obj
c:\users\hungd\documents\library\projects\opengl\opengl\build\opengl.dir\debug\light_model.obj
c:\users\hungd\documents\library\projects\opengl\opengl\build\opengl.dir\debug\handleinput.obj
c:\users\hungd\documents\library\projects\opengl\opengl\build\opengl.dir\debug\gl_vbo.obj
c:\users\hungd\documents\library\projects\opengl\opengl\build\opengl.dir\debug\gl_vao.obj
c:\users\hungd\documents\library\projects\opengl\opengl\build\opengl.dir\debug\gl_texture.obj
c:\users\hungd\documents\library\projects\opengl\opengl\build\opengl.dir\debug\gl_shader.obj
c:\users\hungd\documents\library\projects\opengl\opengl\build\opengl.dir\debug\gl_program.obj
c:\users\hungd\documents\library\projects\opengl\opengl\build\opengl.dir\debug\gl_object.obj
c:\users\hungd\documents\library\projects\opengl\opengl\build\opengl.dir\debug\gl_context.obj
c:\users\hungd\documents\library\projects\opengl\opengl\build\opengl.dir\debug\camera.obj
c:\users\hungd\documents\library\projects\opengl\opengl\build\opengl.dir\debug\glad.obj
c:\users\hungd\documents\library\projects\opengl\opengl\build\cmakefiles\generate.stamp
c:\users\hungd\documents\library\projects\opengl\opengl\build\opengl.dir\debug\opengl.ilk
c:\users\hungd\documents\library\projects\opengl\opengl\build\bin\debug\opengl.exe
c:\users\hungd\documents\library\projects\opengl\opengl\build\bin\debug\opengl.pdb
c:\users\hungd\documents\library\projects\opengl\opengl\build\opengl.dir\debug\opengl.tlog\cl.command.1.tlog
c:\users\hungd\documents\library\projects\opengl\opengl\build\opengl.dir\debug\opengl.tlog\cl.read.1.tlog
c:\users\hungd\documents\library\projects\opengl\opengl\build\opengl.dir\debug\opengl.tlog\cl.write.1.tlog
c:\users\hungd\documents\library\projects\opengl\opengl\build\opengl.dir\debug\opengl.tlog\custombuild.command.1.tlog
c:\users\hungd\documents\library\projects\opengl\opengl\build\opengl.dir\debug\opengl.tlog\custombuild.read.1.tlog
c:\users\hungd\documents\library\projects\opengl\opengl\build\opengl.dir\debug\opengl.tlog\custombuild.write.1.tlog
c:\users\hungd\documents\library\projects\opengl\opengl\build\opengl.dir\debug\opengl.tlog\link.command.1.tlog
c:\users\hungd\documents\library\projects\opengl\opengl\build\opengl.dir\debug\opengl.tlog\link.read.1.tlog
c:\users\hungd\documents\library\projects\opengl\opengl\build\opengl.dir\debug\opengl.tlog\link.write.1.tlog
